<?xml version="1.0" encoding="UTF-8"?>
<!-- Generated by org.testng.reporters.JUnitXMLReporter -->
<testsuite hostname="DESKTOP-OBVC6CR" ignored="0" name="Default test" tests="3" failures="0" timestamp="10 Dec 2021 06:14:21 GMT" time="15.352" errors="0">
  <testcase name="tc31" time="0.016" classname="org.framework.TestNGDemo"/>
  <testcase name="tc32" time="0.0" classname="org.framework.TestNGDemo"/>
  <testcase name="tc33" time="0.008" classname="org.framework.TestNGDemo"/>
</testsuite> <!-- Default test -->
