<?xml version="1.0" encoding="UTF-8"?>
<testng-results skipped="0" failed="0" ignored="0" total="4" passed="4">
  <reporter-output>
  </reporter-output>
  <suite name="Suite" duration-ms="91" started-at="2021-12-11T12:44:23Z" finished-at="2021-12-11T12:44:23Z">
    <groups>
    </groups>
    <test name="Test1" duration-ms="91" started-at="2021-12-11T12:44:23Z" finished-at="2021-12-11T12:44:23Z">
      <class name="org.framework.TestNGDemo">
        <test-method status="PASS" signature="tc41(java.lang.String)[pri:0, instance:org.framework.TestNGDemo@3532ec19]" name="tc41" duration-ms="0" started-at="2021-12-11T12:44:23Z" finished-at="2021-12-11T12:44:23Z">
          <params>
            <param index="0">
              <value>
                <![CDATA[mathew]]>
              </value>
            </param>
          </params>
          <reporter-output>
          </reporter-output>
        </test-method> <!-- tc41 -->
      </class> <!-- org.framework.TestNGDemo -->
      <class name="org.framework.DataProvi">
        <test-method status="PASS" signature="tc22(java.lang.String)[pri:0, instance:org.framework.DataProvi@26653222]" name="tc22" duration-ms="15" started-at="2021-12-11T12:44:23Z" finished-at="2021-12-11T12:44:23Z">
          <params>
            <param index="0">
              <value>
                <![CDATA[mathew]]>
              </value>
            </param>
          </params>
          <reporter-output>
          </reporter-output>
        </test-method> <!-- tc22 -->
      </class> <!-- org.framework.DataProvi -->
    </test> <!-- Test1 -->
    <test name="Test2" duration-ms="91" started-at="2021-12-11T12:44:23Z" finished-at="2021-12-11T12:44:23Z">
      <class name="org.framework.TestNGDemo">
        <test-method status="PASS" signature="tc41(java.lang.String)[pri:0, instance:org.framework.TestNGDemo@f6c48ac]" name="tc41" duration-ms="0" started-at="2021-12-11T12:44:23Z" finished-at="2021-12-11T12:44:23Z">
          <params>
            <param index="0">
              <value>
                <![CDATA[john]]>
              </value>
            </param>
          </params>
          <reporter-output>
          </reporter-output>
        </test-method> <!-- tc41 -->
      </class> <!-- org.framework.TestNGDemo -->
      <class name="org.framework.DataProvi">
        <test-method status="PASS" signature="tc22(java.lang.String)[pri:0, instance:org.framework.DataProvi@464bee09]" name="tc22" duration-ms="15" started-at="2021-12-11T12:44:23Z" finished-at="2021-12-11T12:44:23Z">
          <params>
            <param index="0">
              <value>
                <![CDATA[john]]>
              </value>
            </param>
          </params>
          <reporter-output>
          </reporter-output>
        </test-method> <!-- tc22 -->
      </class> <!-- org.framework.DataProvi -->
    </test> <!-- Test2 -->
  </suite> <!-- Suite -->
</testng-results>
