<?xml version="1.0" encoding="UTF-8"?>
<testng-results skipped="0" failed="0" ignored="0" total="1" passed="1">
  <reporter-output>
  </reporter-output>
  <suite name="Suite" duration-ms="94" started-at="2021-12-10T06:36:52Z" finished-at="2021-12-10T06:36:52Z">
    <groups>
    </groups>
    <test name="Test" duration-ms="94" started-at="2021-12-10T06:36:52Z" finished-at="2021-12-10T06:36:52Z">
      <class name="org.framework.TestNGDemo">
        <test-method status="PASS" signature="tc41()[pri:0, instance:org.framework.TestNGDemo@29774679]" name="tc41" duration-ms="20" started-at="2021-12-10T06:36:52Z" finished-at="2021-12-10T06:36:52Z">
          <reporter-output>
          </reporter-output>
        </test-method> <!-- tc41 -->
      </class> <!-- org.framework.TestNGDemo -->
    </test> <!-- Test -->
  </suite> <!-- Suite -->
</testng-results>
